Creando protecto
      create  
      create  README.md
      create  Rakefile
      create  .ruby-version
      create  config.ru
      create  .gitignore
      create  .gitattributes
      create  Gemfile
         run  git init -b main from "."
Initialized empty Git repository in /home/csantana/ruby/cg/.git/
      create  app
      create  app/assets/config/manifest.js
      create  app/assets/stylesheets/application.css
      create  app/channels/application_cable/channel.rb
      create  app/channels/application_cable/connection.rb
      create  app/controllers/application_controller.rb
      create  app/helpers/application_helper.rb
      create  app/jobs/application_job.rb
      create  app/mailers/application_mailer.rb
      create  app/models/application_record.rb
      create  app/views/layouts/application.html.erb
      create  app/views/layouts/mailer.html.erb
      create  app/views/layouts/mailer.text.erb
      create  app/views/pwa/manifest.json.erb
      create  app/views/pwa/service-worker.js
      create  app/assets/images
      create  app/assets/images/.keep
      create  app/controllers/concerns/.keep
      create  app/models/concerns/.keep
      create  bin
      create  bin/brakeman
      create  bin/rails
      create  bin/rake
      create  bin/rubocop
      create  bin/setup
      create  Dockerfile
      create  .dockerignore
      create  bin/docker-entrypoint
      create  .rubocop.yml
      create  .github/workflows
      create  .github/workflows/ci.yml
      create  .github/dependabot.yml
      create  config
      create  config/routes.rb
      create  config/application.rb
      create  config/environment.rb
      create  config/cable.yml
      create  config/puma.rb
      create  config/storage.yml
      create  config/environments
      create  config/environments/development.rb
      create  config/environments/production.rb
      create  config/environments/test.rb
      create  config/initializers
      create  config/initializers/assets.rb
      create  config/initializers/content_security_policy.rb
      create  config/initializers/cors.rb
      create  config/initializers/filter_parameter_logging.rb
      create  config/initializers/inflections.rb
      create  config/initializers/new_framework_defaults_7_2.rb
      create  config/initializers/permissions_policy.rb
      create  config/locales
      create  config/locales/en.yml
      create  config/master.key
      append  .gitignore
      create  config/boot.rb
      create  config/database.yml
      create  db
      create  db/seeds.rb
      create  lib
      create  lib/tasks
      create  lib/tasks/.keep
      create  lib/assets
      create  lib/assets/.keep
      create  log
      create  log/.keep
      create  public
      create  public/404.html
      create  public/406-unsupported-browser.html
      create  public/422.html
      create  public/500.html
      create  public/icon.png
      create  public/icon.svg
      create  public/robots.txt
      create  tmp
      create  tmp/.keep
      create  tmp/pids
      create  tmp/pids/.keep
      create  vendor
      create  vendor/.keep
      create  test/fixtures/files
      create  test/fixtures/files/.keep
      create  test/controllers
      create  test/controllers/.keep
      create  test/mailers
      create  test/mailers/.keep
      create  test/models
      create  test/models/.keep
      create  test/helpers
      create  test/helpers/.keep
      create  test/integration
      create  test/integration/.keep
      create  test/channels/application_cable/connection_test.rb
      create  test/test_helper.rb
      create  test/system
      create  test/system/.keep
      create  test/application_system_test_case.rb
      create  storage
      create  storage/.keep
      create  tmp/storage
      create  tmp/storage/.keep
      remove  config/initializers/cors.rb
      remove  config/initializers/new_framework_defaults_7_2.rb
         run  bundle install --quiet
         run  bundle lock --add-platform=x86_64-linux
Fetching gem metadata from https://rubygems.org/.........
Resolving dependencies...
Writing lockfile to /home/csantana/ruby/cg/Gemfile.lock
         run  bundle binstubs bundler
       rails  importmap:install
       apply  /home/csantana/.rbenv/versions/3.3.5/lib/ruby/gems/3.3.0/gems/importmap-rails-2.1.0/lib/install/install.rb
  Add Importmap include tags in application layout
      insert    app/views/layouts/application.html.erb
  Create application.js module as entrypoint
      create    app/javascript/application.js
  Use vendor/javascript for downloaded pins
      create    vendor/javascript
      create    vendor/javascript/.keep
  Ensure JavaScript files are in the Sprocket manifest
      append    app/assets/config/manifest.js
  Configure importmap paths in config/importmap.rb
      create    config/importmap.rb
  Copying binstub
      create    bin/importmap
         run  bundle install --quiet
       rails  turbo:install stimulus:install
       apply  /home/csantana/.rbenv/versions/3.3.5/lib/ruby/gems/3.3.0/gems/turbo-rails-2.0.13/lib/install/turbo_with_importmap.rb
  Import Turbo
      append    app/javascript/application.js
  Pin Turbo
      append    config/importmap.rb
         run  bundle install --quiet
       apply  /home/csantana/.rbenv/versions/3.3.5/lib/ruby/gems/3.3.0/gems/stimulus-rails-1.3.4/lib/install/stimulus_with_importmap.rb
  Create controllers directory
      create    app/javascript/controllers
      create    app/javascript/controllers/index.js
      create    app/javascript/controllers/application.js
      create    app/javascript/controllers/hello_controller.js
  Import Stimulus controllers
      append    app/javascript/application.js
  Pin Stimulus
  Appending: pin "@hotwired/stimulus", to: "stimulus.min.js"
      append    config/importmap.rb
  Appending: pin "@hotwired/stimulus-loading", to: "stimulus-loading.js"
      append    config/importmap.rb
  Pin all controllers
  Appending: pin_all_from "app/javascript/controllers", under: "controllers"
      append    config/importmap.rb
         run  bundle install --quiet

Creando controlador
      create  app/controllers/pages_controller.rb
       route  get "pages/index"
      invoke  erb
      create    app/views/pages
      create    app/views/pages/index.html.erb
      invoke  test_unit
      create    test/controllers/pages_controller_test.rb
      invoke  helper
      create    app/helpers/pages_helper.rb
      invoke    test_unit

Instalando gemas en Gemfile
Realizando el bundle install
Fetching gem metadata from https://rubygems.org/.........
Resolving dependencies...
Bundle complete! 18 Gemfile dependencies, 108 gems now installed.
Use `bundle info [gemname]` to see where a bundled gem is installed.
1 installed gem you directly depend on is looking for funding.
  Run `bundle fund` for details

Configurando devise
      create  config/initializers/devise.rb
      create  config/locales/devise.en.yml
===============================================================================

Depending on your application's configuration some manual setup may be required:

  1. Ensure you have defined default url options in your environments files. Here
     is an example of default_url_options appropriate for a development environment
     in config/environments/development.rb:

       config.action_mailer.default_url_options = { host: 'localhost', port: 3000 }

     In production, :host should be set to the actual host of your application.

     * Required for all applications. *

  2. Ensure you have defined root_url to *something* in your config/routes.rb.
     For example:

       root to: "home#index"
     
     * Not required for API-only Applications *

  3. Ensure you have flash messages in app/views/layouts/application.html.erb.
     For example:

       <p class="notice"><%= notice %></p>
       <p class="alert"><%= alert %></p>

     * Not required for API-only Applications *

  4. You can copy Devise views (for customization) to your app by running:

       rails g devise:views
       
     * Not required *

===============================================================================

Generando vistas
      invoke  Devise::Generators::SharedViewsGenerator
      create    app/views/devise/shared
      create    app/views/devise/shared/_error_messages.html.erb
      create    app/views/devise/shared/_links.html.erb
      invoke  form_for
      create    app/views/devise/confirmations
      create    app/views/devise/confirmations/new.html.erb
      create    app/views/devise/passwords
      create    app/views/devise/passwords/edit.html.erb
      create    app/views/devise/passwords/new.html.erb
      create    app/views/devise/registrations
      create    app/views/devise/registrations/edit.html.erb
      create    app/views/devise/registrations/new.html.erb
      create    app/views/devise/sessions
      create    app/views/devise/sessions/new.html.erb
      create    app/views/devise/unlocks
      create    app/views/devise/unlocks/new.html.erb
      invoke  erb
      create    app/views/devise/mailer
      create    app/views/devise/mailer/confirmation_instructions.html.erb
      create    app/views/devise/mailer/email_changed.html.erb
      create    app/views/devise/mailer/password_change.html.erb
      create    app/views/devise/mailer/reset_password_instructions.html.erb
      create    app/views/devise/mailer/unlock_instructions.html.erb

Generando modelo
      invoke  active_record
      create    db/migrate/20250409150742_devise_create_users.rb
      create    app/models/user.rb
      invoke    test_unit
      create      test/models/user_test.rb
      create      test/fixtures/users.yml
      insert    app/models/user.rb
       route  devise_for :users

Agregamos campos name y role al modelo
      invoke  active_record
      create    db/migrate/20250409150743_add_details_to_users.rb

Definimos default:0 a role

Generando controladores
      create  app/controllers/users/sessions_controller.rb
      create  app/controllers/users/registrations_controller.rb
===============================================================================

Some setup you must do manually if you haven't yet:

  Ensure you have overridden routes for generated controllers in your routes.rb.
  For example:

    Rails.application.routes.draw do
      devise_for :users, controllers: {
        sessions: 'users/sessions'
      }
    end

===============================================================================

Ejecutamos la migración
== 20250409150742 DeviseCreateUsers: migrating ================================
-- create_table(:users)
   -> 0.0148s
-- add_index(:users, :email, {:unique=>true})
   -> 0.0042s
-- add_index(:users, :reset_password_token, {:unique=>true})
   -> 0.0083s
== 20250409150742 DeviseCreateUsers: migrated (0.0273s) =======================

== 20250409150743 AddDetailsToUsers: migrating ================================
-- add_column(:users, :name, :string)
   -> 0.0071s
-- add_column(:users, :role, :integer, {:default=>0})
   -> 0.0011s
== 20250409150743 AddDetailsToUsers: migrated (0.0083s) =======================


Modificamos routes.rb

Modificamos application_controller.rb

Modificamos user.rb

Copiando archivos

Ejecutando seed.rb
Se creo 1 usuario.

Descomentamos la línea 266 en config/initializers/devise.rb
